<?xml version="1.0" encoding="UTF-8"?>
<testsuite xmlns:xsi="http://www.w3.org/2001/XMLSchema-instance" xsi:noNamespaceSchemaLocation="https://maven.apache.org/surefire/maven-surefire-plugin/xsd/surefire-test-report.xsd" name="com.zerobank.runners.CukesRunner" time="34.053" tests="9" errors="1" skipped="3" failures="0">
  <properties>
    <property name="java.specification.version" value="13"/>
    <property name="sun.jnu.encoding" value="UTF-8"/>
    <property name="java.class.path" value="/Users/sehribanbanu/Dropbox/zerobank-automation/target/test-classes:/Users/sehribanbanu/Dropbox/zerobank-automation/target/classes:/Users/sehribanbanu/.m2/repository/io/cucumber/cucumber-junit/4.8.1/cucumber-junit-4.8.1.jar:/Users/sehribanbanu/.m2/repository/org/apiguardian/apiguardian-api/1.1.0/apiguardian-api-1.1.0.jar:/Users/sehribanbanu/.m2/repository/io/cucumber/cucumber-core/4.8.1/cucumber-core-4.8.1.jar:/Users/sehribanbanu/.m2/repository/io/cucumber/gherkin/5.1.0/gherkin-5.1.0.jar:/Users/sehribanbanu/.m2/repository/io/cucumber/tag-expressions/1.1.1/tag-expressions-1.1.1.jar:/Users/sehribanbanu/.m2/repository/io/cucumber/cucumber-expressions/7.0.2/cucumber-expressions-7.0.2.jar:/Users/sehribanbanu/.m2/repository/io/cucumber/datatable/1.1.14/datatable-1.1.14.jar:/Users/sehribanbanu/.m2/repository/io/cucumber/datatable-dependencies/1.1.14/datatable-dependencies-1.1.14.jar:/Users/sehribanbanu/.m2/repository/junit/junit/4.12/junit-4.12.jar:/Users/sehribanbanu/.m2/repository/org/hamcrest/hamcrest-core/1.3/hamcrest-core-1.3.jar:/Users/sehribanbanu/.m2/repository/io/cucumber/cucumber-java/4.8.1/cucumber-java-4.8.1.jar:/Users/sehribanbanu/.m2/repository/org/seleniumhq/selenium/selenium-java/3.141.59/selenium-java-3.141.59.jar:/Users/sehribanbanu/.m2/repository/org/seleniumhq/selenium/selenium-api/3.141.59/selenium-api-3.141.59.jar:/Users/sehribanbanu/.m2/repository/org/seleniumhq/selenium/selenium-chrome-driver/3.141.59/selenium-chrome-driver-3.141.59.jar:/Users/sehribanbanu/.m2/repository/org/seleniumhq/selenium/selenium-edge-driver/3.141.59/selenium-edge-driver-3.141.59.jar:/Users/sehribanbanu/.m2/repository/org/seleniumhq/selenium/selenium-firefox-driver/3.141.59/selenium-firefox-driver-3.141.59.jar:/Users/sehribanbanu/.m2/repository/org/seleniumhq/selenium/selenium-ie-driver/3.141.59/selenium-ie-driver-3.141.59.jar:/Users/sehribanbanu/.m2/repository/org/seleniumhq/selenium/selenium-opera-driver/3.141.59/selenium-opera-driver-3.141.59.jar:/Users/sehribanbanu/.m2/repository/org/seleniumhq/selenium/selenium-remote-driver/3.141.59/selenium-remote-driver-3.141.59.jar:/Users/sehribanbanu/.m2/repository/org/seleniumhq/selenium/selenium-safari-driver/3.141.59/selenium-safari-driver-3.141.59.jar:/Users/sehribanbanu/.m2/repository/org/seleniumhq/selenium/selenium-support/3.141.59/selenium-support-3.141.59.jar:/Users/sehribanbanu/.m2/repository/net/bytebuddy/byte-buddy/1.8.15/byte-buddy-1.8.15.jar:/Users/sehribanbanu/.m2/repository/org/apache/commons/commons-exec/1.3/commons-exec-1.3.jar:/Users/sehribanbanu/.m2/repository/com/google/guava/guava/25.0-jre/guava-25.0-jre.jar:/Users/sehribanbanu/.m2/repository/com/google/code/findbugs/jsr305/1.3.9/jsr305-1.3.9.jar:/Users/sehribanbanu/.m2/repository/org/checkerframework/checker-compat-qual/2.0.0/checker-compat-qual-2.0.0.jar:/Users/sehribanbanu/.m2/repository/com/google/errorprone/error_prone_annotations/2.1.3/error_prone_annotations-2.1.3.jar:/Users/sehribanbanu/.m2/repository/com/google/j2objc/j2objc-annotations/1.1/j2objc-annotations-1.1.jar:/Users/sehribanbanu/.m2/repository/org/codehaus/mojo/animal-sniffer-annotations/1.14/animal-sniffer-annotations-1.14.jar:/Users/sehribanbanu/.m2/repository/com/squareup/okhttp3/okhttp/3.11.0/okhttp-3.11.0.jar:/Users/sehribanbanu/.m2/repository/com/squareup/okio/okio/1.14.0/okio-1.14.0.jar:/Users/sehribanbanu/.m2/repository/io/github/bonigarcia/webdrivermanager/3.8.0/webdrivermanager-3.8.0.jar:/Users/sehribanbanu/.m2/repository/org/slf4j/slf4j-api/1.7.25/slf4j-api-1.7.25.jar:/Users/sehribanbanu/.m2/repository/commons-io/commons-io/2.6/commons-io-2.6.jar:/Users/sehribanbanu/.m2/repository/com/google/code/gson/gson/2.8.5/gson-2.8.5.jar:/Users/sehribanbanu/.m2/repository/org/apache/commons/commons-lang3/3.8.1/commons-lang3-3.8.1.jar:/Users/sehribanbanu/.m2/repository/org/apache/httpcomponents/httpclient/4.5.6/httpclient-4.5.6.jar:/Users/sehribanbanu/.m2/repository/org/apache/httpcomponents/httpcore/4.4.10/httpcore-4.4.10.jar:/Users/sehribanbanu/.m2/repository/commons-logging/commons-logging/1.2/commons-logging-1.2.jar:/Users/sehribanbanu/.m2/repository/commons-codec/commons-codec/1.10/commons-codec-1.10.jar:/Users/sehribanbanu/.m2/repository/org/rauschig/jarchivelib/1.0.0/jarchivelib-1.0.0.jar:/Users/sehribanbanu/.m2/repository/org/apache/commons/commons-compress/1.18/commons-compress-1.18.jar:/Users/sehribanbanu/.m2/repository/org/jsoup/jsoup/1.11.3/jsoup-1.11.3.jar:"/>
    <property name="java.vm.vendor" value="Oracle Corporation"/>
    <property name="sun.arch.data.model" value="64"/>
    <property name="java.vendor.url" value="https://java.oracle.com/"/>
    <property name="os.name" value="Mac OS X"/>
    <property name="java.vm.specification.version" value="13"/>
    <property name="sun.java.launcher" value="SUN_STANDARD"/>
    <property name="user.country" value="GB"/>
    <property name="sun.boot.library.path" value="/Library/Java/JavaVirtualMachines/jdk-13.0.1.jdk/Contents/Home/lib"/>
    <property name="sun.java.command" value="/Users/sehribanbanu/Dropbox/zerobank-automation/target/surefire/surefirebooter11024455419574221982.jar /Users/sehribanbanu/Dropbox/zerobank-automation/target/surefire 2020-01-26T16-33-46_645-jvmRun1 surefire16306548902153762825tmp surefire_06124625290739475911tmp"/>
    <property name="http.nonProxyHosts" value="local|*.local|169.254/16|*.169.254/16"/>
    <property name="jdk.debug" value="release"/>
    <property name="surefire.test.class.path" value="/Users/sehribanbanu/Dropbox/zerobank-automation/target/test-classes:/Users/sehribanbanu/Dropbox/zerobank-automation/target/classes:/Users/sehribanbanu/.m2/repository/io/cucumber/cucumber-junit/4.8.1/cucumber-junit-4.8.1.jar:/Users/sehribanbanu/.m2/repository/org/apiguardian/apiguardian-api/1.1.0/apiguardian-api-1.1.0.jar:/Users/sehribanbanu/.m2/repository/io/cucumber/cucumber-core/4.8.1/cucumber-core-4.8.1.jar:/Users/sehribanbanu/.m2/repository/io/cucumber/gherkin/5.1.0/gherkin-5.1.0.jar:/Users/sehribanbanu/.m2/repository/io/cucumber/tag-expressions/1.1.1/tag-expressions-1.1.1.jar:/Users/sehribanbanu/.m2/repository/io/cucumber/cucumber-expressions/7.0.2/cucumber-expressions-7.0.2.jar:/Users/sehribanbanu/.m2/repository/io/cucumber/datatable/1.1.14/datatable-1.1.14.jar:/Users/sehribanbanu/.m2/repository/io/cucumber/datatable-dependencies/1.1.14/datatable-dependencies-1.1.14.jar:/Users/sehribanbanu/.m2/repository/junit/junit/4.12/junit-4.12.jar:/Users/sehribanbanu/.m2/repository/org/hamcrest/hamcrest-core/1.3/hamcrest-core-1.3.jar:/Users/sehribanbanu/.m2/repository/io/cucumber/cucumber-java/4.8.1/cucumber-java-4.8.1.jar:/Users/sehribanbanu/.m2/repository/org/seleniumhq/selenium/selenium-java/3.141.59/selenium-java-3.141.59.jar:/Users/sehribanbanu/.m2/repository/org/seleniumhq/selenium/selenium-api/3.141.59/selenium-api-3.141.59.jar:/Users/sehribanbanu/.m2/repository/org/seleniumhq/selenium/selenium-chrome-driver/3.141.59/selenium-chrome-driver-3.141.59.jar:/Users/sehribanbanu/.m2/repository/org/seleniumhq/selenium/selenium-edge-driver/3.141.59/selenium-edge-driver-3.141.59.jar:/Users/sehribanbanu/.m2/repository/org/seleniumhq/selenium/selenium-firefox-driver/3.141.59/selenium-firefox-driver-3.141.59.jar:/Users/sehribanbanu/.m2/repository/org/seleniumhq/selenium/selenium-ie-driver/3.141.59/selenium-ie-driver-3.141.59.jar:/Users/sehribanbanu/.m2/repository/org/seleniumhq/selenium/selenium-opera-driver/3.141.59/selenium-opera-driver-3.141.59.jar:/Users/sehribanbanu/.m2/repository/org/seleniumhq/selenium/selenium-remote-driver/3.141.59/selenium-remote-driver-3.141.59.jar:/Users/sehribanbanu/.m2/repository/org/seleniumhq/selenium/selenium-safari-driver/3.141.59/selenium-safari-driver-3.141.59.jar:/Users/sehribanbanu/.m2/repository/org/seleniumhq/selenium/selenium-support/3.141.59/selenium-support-3.141.59.jar:/Users/sehribanbanu/.m2/repository/net/bytebuddy/byte-buddy/1.8.15/byte-buddy-1.8.15.jar:/Users/sehribanbanu/.m2/repository/org/apache/commons/commons-exec/1.3/commons-exec-1.3.jar:/Users/sehribanbanu/.m2/repository/com/google/guava/guava/25.0-jre/guava-25.0-jre.jar:/Users/sehribanbanu/.m2/repository/com/google/code/findbugs/jsr305/1.3.9/jsr305-1.3.9.jar:/Users/sehribanbanu/.m2/repository/org/checkerframework/checker-compat-qual/2.0.0/checker-compat-qual-2.0.0.jar:/Users/sehribanbanu/.m2/repository/com/google/errorprone/error_prone_annotations/2.1.3/error_prone_annotations-2.1.3.jar:/Users/sehribanbanu/.m2/repository/com/google/j2objc/j2objc-annotations/1.1/j2objc-annotations-1.1.jar:/Users/sehribanbanu/.m2/repository/org/codehaus/mojo/animal-sniffer-annotations/1.14/animal-sniffer-annotations-1.14.jar:/Users/sehribanbanu/.m2/repository/com/squareup/okhttp3/okhttp/3.11.0/okhttp-3.11.0.jar:/Users/sehribanbanu/.m2/repository/com/squareup/okio/okio/1.14.0/okio-1.14.0.jar:/Users/sehribanbanu/.m2/repository/io/github/bonigarcia/webdrivermanager/3.8.0/webdrivermanager-3.8.0.jar:/Users/sehribanbanu/.m2/repository/org/slf4j/slf4j-api/1.7.25/slf4j-api-1.7.25.jar:/Users/sehribanbanu/.m2/repository/commons-io/commons-io/2.6/commons-io-2.6.jar:/Users/sehribanbanu/.m2/repository/com/google/code/gson/gson/2.8.5/gson-2.8.5.jar:/Users/sehribanbanu/.m2/repository/org/apache/commons/commons-lang3/3.8.1/commons-lang3-3.8.1.jar:/Users/sehribanbanu/.m2/repository/org/apache/httpcomponents/httpclient/4.5.6/httpclient-4.5.6.jar:/Users/sehribanbanu/.m2/repository/org/apache/httpcomponents/httpcore/4.4.10/httpcore-4.4.10.jar:/Users/sehribanbanu/.m2/repository/commons-logging/commons-logging/1.2/commons-logging-1.2.jar:/Users/sehribanbanu/.m2/repository/commons-codec/commons-codec/1.10/commons-codec-1.10.jar:/Users/sehribanbanu/.m2/repository/org/rauschig/jarchivelib/1.0.0/jarchivelib-1.0.0.jar:/Users/sehribanbanu/.m2/repository/org/apache/commons/commons-compress/1.18/commons-compress-1.18.jar:/Users/sehribanbanu/.m2/repository/org/jsoup/jsoup/1.11.3/jsoup-1.11.3.jar:"/>
    <property name="sun.cpu.endian" value="little"/>
    <property name="user.home" value="/Users/sehribanbanu"/>
    <property name="user.language" value="en"/>
    <property name="java.specification.vendor" value="Oracle Corporation"/>
    <property name="java.version.date" value="2019-10-15"/>
    <property name="java.home" value="/Library/Java/JavaVirtualMachines/jdk-13.0.1.jdk/Contents/Home"/>
    <property name="file.separator" value="/"/>
    <property name="basedir" value="/Users/sehribanbanu/Dropbox/zerobank-automation"/>
    <property name="java.vm.compressedOopsMode" value="Zero based"/>
    <property name="line.separator" value="&#10;"/>
    <property name="java.specification.name" value="Java Platform API Specification"/>
    <property name="java.vm.specification.vendor" value="Oracle Corporation"/>
    <property name="surefire.real.class.path" value="/Users/sehribanbanu/Dropbox/zerobank-automation/target/surefire/surefirebooter11024455419574221982.jar"/>
    <property name="sun.management.compiler" value="HotSpot 64-Bit Tiered Compilers"/>
    <property name="ftp.nonProxyHosts" value="local|*.local|169.254/16|*.169.254/16"/>
    <property name="java.runtime.version" value="13.0.1+9"/>
    <property name="user.name" value="sehribanbanu"/>
    <property name="path.separator" value=":"/>
    <property name="os.version" value="10.15.2"/>
    <property name="java.runtime.name" value="Java(TM) SE Runtime Environment"/>
    <property name="file.encoding" value="UTF-8"/>
    <property name="java.vm.name" value="Java HotSpot(TM) 64-Bit Server VM"/>
    <property name="localRepository" value="/Users/sehribanbanu/.m2/repository"/>
    <property name="java.vendor.url.bug" value="https://bugreport.java.com/bugreport/"/>
    <property name="java.io.tmpdir" value="/var/folders/l9/szf2d5nd5yz3shtk537kqsq00000gn/T/"/>
    <property name="java.version" value="13.0.1"/>
    <property name="user.dir" value="/Users/sehribanbanu/Dropbox/zerobank-automation"/>
    <property name="os.arch" value="x86_64"/>
    <property name="java.vm.specification.name" value="Java Virtual Machine Specification"/>
    <property name="java.library.path" value="/Users/sehribanbanu/Library/Java/Extensions:/Library/Java/Extensions:/Network/Library/Java/Extensions:/System/Library/Java/Extensions:/usr/lib/java:."/>
    <property name="java.vm.info" value="mixed mode, sharing"/>
    <property name="java.vendor" value="Oracle Corporation"/>
    <property name="java.vm.version" value="13.0.1+9"/>
    <property name="sun.io.unicode.encoding" value="UnicodeBig"/>
    <property name="socksNonProxyHosts" value="local|*.local|169.254/16|*.169.254/16"/>
    <property name="java.class.version" value="57.0"/>
  </properties>
  <testcase name="Savings account redirect" classname="Navigating to specific accounts in Accounts Activity" time="6.387"/>
  <testcase name="Brokerage account redirect" classname="Navigating to specific accounts in Accounts Activity" time="3.129"/>
  <testcase name="Checking account redirect" classname="Navigating to specific accounts in Accounts Activity" time="3.087"/>
  <testcase name="Credit Card account redirect" classname="Navigating to specific accounts in Accounts Activity" time="3.189"/>
  <testcase name="Loan account redirect" classname="Navigating to specific accounts in Accounts Activity" time="3.034"/>
  <testcase name="Search date range" classname="Find Transactions in Account Activity" time="3.77">
    <error message="Could not convert arguments for step [the user enters date range from “{int}{int}{int}” to “{int}{int}{int}”] defined at &apos;com.zerobank.stepdefinitions.FindTransactionsStepDefs.the_user_enters_date_range_from_to(Integer,Integer,Integer,Integer,Integer,Integer) in file:/Users/sehribanbanu/Dropbox/zerobank-automation/target/test-classes/&apos;.&#10;The details are in the stacktrace below." type="cucumber.runtime.CucumberException">cucumber.runtime.CucumberException: 
Could not convert arguments for step [the user enters date range from “{int}{int}{int}” to “{int}{int}{int}”] defined at 'com.zerobank.stepdefinitions.FindTransactionsStepDefs.the_user_enters_date_range_from_to(Integer,Integer,Integer,Integer,Integer,Integer) in file:/Users/sehribanbanu/Dropbox/zerobank-automation/target/test-classes/'.
The details are in the stacktrace below.
Caused by: io.cucumber.cucumberexpressions.CucumberExpressionException: ParameterType {int} failed to transform [-09] to class java.lang.Integer
Caused by: java.lang.NumberFormatException: For input string: "-9" under radix 8
</error>
    <system-err><![CDATA[Starting ChromeDriver 79.0.3945.36 (3582db32b33893869b8c1339e8f4d9ed1816f143-refs/branch-heads/3945@{#614}) on port 15658
Only local connections are allowed.
Please protect ports used by ChromeDriver and related test frameworks to prevent access by malicious code.
Jan 26, 2020 4:34:06 PM org.openqa.selenium.remote.ProtocolHandshake createSession
INFO: Detected dialect: W3C
]]></system-err>
  </testcase>
  <testcase name="Search description" classname="Find Transactions in Account Activity" time="0">
    <skipped message="TODO: implement me"/>
    <system-err><![CDATA[Starting ChromeDriver 79.0.3945.36 (3582db32b33893869b8c1339e8f4d9ed1816f143-refs/branch-heads/3945@{#614}) on port 8679
Only local connections are allowed.
Please protect ports used by ChromeDriver and related test frameworks to prevent access by malicious code.
Jan 26, 2020 4:34:10 PM org.openqa.selenium.remote.ProtocolHandshake createSession
INFO: Detected dialect: W3C
]]></system-err>
  </testcase>
  <testcase name="Search description case insensitive" classname="Find Transactions in Account Activity" time="0">
    <skipped message="TODO: implement me"/>
    <system-err><![CDATA[Starting ChromeDriver 79.0.3945.36 (3582db32b33893869b8c1339e8f4d9ed1816f143-refs/branch-heads/3945@{#614}) on port 18852
Only local connections are allowed.
Please protect ports used by ChromeDriver and related test frameworks to prevent access by malicious code.
Jan 26, 2020 4:34:14 PM org.openqa.selenium.remote.ProtocolHandshake createSession
INFO: Detected dialect: W3C
]]></system-err>
  </testcase>
  <testcase name="Type" classname="Find Transactions in Account Activity" time="0">
    <skipped message="TODO: implement me"/>
    <system-err><![CDATA[Starting ChromeDriver 79.0.3945.36 (3582db32b33893869b8c1339e8f4d9ed1816f143-refs/branch-heads/3945@{#614}) on port 4716
Only local connections are allowed.
Please protect ports used by ChromeDriver and related test frameworks to prevent access by malicious code.
Jan 26, 2020 4:34:18 PM org.openqa.selenium.remote.ProtocolHandshake createSession
INFO: Detected dialect: W3C
]]></system-err>
  </testcase>
</testsuite>